2024.07.03 09:22:18 INFO  Started: Metals version 1.3.2 in folders 'C:\Users\user\Desktop\Scala_Projet' for client Visual Studio Code 1.90.2.
SLF4J(W): Class path contains multiple SLF4J providers.
SLF4J(W): Found provider [scribe.slf4j.ScribeServiceProvider@57a13c36]
SLF4J(W): Found provider [ch.qos.logback.classic.spi.LogbackServiceProvider@278b9a19]
SLF4J(W): See https://www.slf4j.org/codes.html#multiple_bindings for an explanation.
SLF4J(I): Actual provider is of type [scribe.slf4j.ScribeServiceProvider@57a13c36]
2024.07.03 09:22:18 WARN  Flyway upgrade recommended: H2 2.2.224 is newer than this version of Flyway and support has not been tested. The latest supported version of H2 is 2.2.220.
2024.07.03 09:22:19 INFO  Attempting to connect to the build server...
2024.07.03 09:22:19 INFO  tracing is disabled for protocol BSP, to enable tracing of incoming and outgoing JSON messages create an empty file at C:\Users\user\Desktop\Scala_Projet\.metals\bsp.trace.json or C:\Users\user\AppData\Local\scalameta\metals\cache\bsp.trace.json
2024.07.03 09:22:19 INFO  time: Connected to build server in 0.19s
2024.07.03 09:22:19 INFO  Connected to Build server: Bloop v1.5.18
2024.07.03 09:22:21 INFO  time: indexed workspace in 1.31s
2024.07.03 09:22:21 WARN  no build target for: C:\Users\user\Desktop\Scala_Projet\hello-world\src\main\scala\Main.scala
2024.07.03 09:22:21 INFO  no build target found for C:\Users\user\Desktop\Scala_Projet\hello-world\src\main\scala\Main.scala. Using presentation compiler with project's scala-library version: 3.3.3
2024.07.03 09:22:34 INFO  no build target found for C:\Users\user\Desktop\Scala_Projet\hello-world\build.sbt. Using presentation compiler with project's scala-library version: 3.3.3
2024.07.03 09:22:34 INFO  no build target found for C:\Users\user\Desktop\Scala_Projet\hello-world\build.sbt. Using presentation compiler with project's scala-library version: 3.3.3
2024.07.03 09:23:11 INFO  no build target found for C:\Users\user\Desktop\Scala_Projet\hello-world\src\main\scala\Main.scala. Using presentation compiler with project's scala-library version: 3.3.3
2024.07.03 09:23:28 INFO  no build target found for C:\Users\user\Desktop\Scala_Projet\hello-world\src\main\scala\Main.scala. Using presentation compiler with project's scala-library version: 3.3.3
2024.07.03 09:23:29 INFO  no build target found for C:\Users\user\Desktop\Scala_Projet\hello-world\src\main\scala\Main.scala. Using presentation compiler with project's scala-library version: 3.3.3
2024.07.03 09:23:44 INFO  no build target found for C:\Users\user\Desktop\Scala_Projet\hello-world\src\main\scala\Graph.scala. Using presentation compiler with project's scala-library version: 3.3.3
2024.07.03 09:23:44 INFO  no build target found for C:\Users\user\Desktop\Scala_Projet\hello-world\src\main\scala\Main.scala. Using presentation compiler with project's scala-library version: 3.3.3
2024.07.03 09:23:44 INFO  no build target found for C:\Users\user\Desktop\Scala_Projet\hello-world\src\main\scala\Graph.scala. Using presentation compiler with project's scala-library version: 3.3.3
2024.07.03 09:23:44 WARN  Could not find semantic tokens for: file:///C:/Users/user/Desktop/Scala_Projet/hello-world/src/main/scala/Graph.scala
2024.07.03 09:23:48 INFO  no build target found for C:\Users\user\Desktop\Scala_Projet\hello-world\src\main\scala\Graph.scala. Using presentation compiler with project's scala-library version: 3.3.3
2024.07.03 09:23:48 INFO  no build target found for C:\Users\user\Desktop\Scala_Projet\hello-world\src\main\scala\Graph.scala. Using presentation compiler with project's scala-library version: 3.3.3
2024.07.03 09:23:48 INFO  no build target found for C:\Users\user\Desktop\Scala_Projet\hello-world\src\main\scala\Graph.scala. Using presentation compiler with project's scala-library version: 3.3.3
2024.07.03 09:23:48 WARN  no build target for: C:\Users\user\Desktop\Scala_Projet\hello-world\src\main\scala\Graph.scala
2024.07.03 09:23:48 INFO  no build target found for C:\Users\user\Desktop\Scala_Projet\hello-world\src\main\scala\Graph.scala. Using presentation compiler with project's scala-library version: 3.3.3
2024.07.03 09:24:12 INFO  no build target found for C:\Users\user\Desktop\Scala_Projet\hello-world\src\main\scala\DirectedGraph.scala. Using presentation compiler with project's scala-library version: 3.3.3
2024.07.03 09:24:12 INFO  no build target found for C:\Users\user\Desktop\Scala_Projet\hello-world\src\main\scala\Main.scala. Using presentation compiler with project's scala-library version: 3.3.3
2024.07.03 09:24:12 INFO  no build target found for C:\Users\user\Desktop\Scala_Projet\hello-world\src\main\scala\DirectedGraph.scala. Using presentation compiler with project's scala-library version: 3.3.3
2024.07.03 09:24:12 WARN  Could not find semantic tokens for: file:///C:/Users/user/Desktop/Scala_Projet/hello-world/src/main/scala/DirectedGraph.scala
2024.07.03 09:24:18 INFO  no build target found for C:\Users\user\Desktop\Scala_Projet\hello-world\src\main\scala\DirectedGraph.scala. Using presentation compiler with project's scala-library version: 3.3.3
2024.07.03 09:24:19 INFO  no build target found for C:\Users\user\Desktop\Scala_Projet\hello-world\src\main\scala\DirectedGraph.scala. Using presentation compiler with project's scala-library version: 3.3.3
2024.07.03 09:24:19 INFO  no build target found for C:\Users\user\Desktop\Scala_Projet\hello-world\src\main\scala\DirectedGraph.scala. Using presentation compiler with project's scala-library version: 3.3.3
2024.07.03 09:24:19 WARN  no build target for: C:\Users\user\Desktop\Scala_Projet\hello-world\src\main\scala\DirectedGraph.scala
2024.07.03 09:24:19 INFO  no build target found for C:\Users\user\Desktop\Scala_Projet\hello-world\src\main\scala\DirectedGraph.scala. Using presentation compiler with project's scala-library version: 3.3.3
2024.07.03 09:24:22 WARN  no build target for: C:\Users\user\Desktop\Scala_Projet\hello-world\src\main\scala\DirectedGraph.scala
2024.07.03 09:24:22 INFO  no build target found for C:\Users\user\Desktop\Scala_Projet\hello-world\src\main\scala\DirectedGraph.scala. Using presentation compiler with project's scala-library version: 3.3.3
2024.07.03 09:24:36 WARN  no build target for: C:\Users\user\Desktop\Scala_Projet\hello-world\src\main\scala\DirectedGraph.scala
2024.07.03 09:24:36 INFO  no build target found for C:\Users\user\Desktop\Scala_Projet\hello-world\src\main\scala\DirectedGraph.scala. Using presentation compiler with project's scala-library version: 3.3.3
2024.07.03 09:24:38 INFO  no build target found for C:\Users\user\Desktop\Scala_Projet\hello-world\src\main\scala\UndirectedGraph.scala. Using presentation compiler with project's scala-library version: 3.3.3
2024.07.03 09:24:38 INFO  no build target found for C:\Users\user\Desktop\Scala_Projet\hello-world\src\main\scala\Graph.scala. Using presentation compiler with project's scala-library version: 3.3.3
2024.07.03 09:24:41 INFO  no build target found for C:\Users\user\Desktop\Scala_Projet\hello-world\src\main\scala\UndirectedGraph.scala. Using presentation compiler with project's scala-library version: 3.3.3
2024.07.03 09:24:41 WARN  Could not find semantic tokens for: file:///C:/Users/user/Desktop/Scala_Projet/hello-world/src/main/scala/UndirectedGraph.scala
2024.07.03 09:24:44 INFO  no build target found for C:\Users\user\Desktop\Scala_Projet\hello-world\src\main\scala\UndirectedGraph.scala. Using presentation compiler with project's scala-library version: 3.3.3
2024.07.03 09:24:45 INFO  no build target found for C:\Users\user\Desktop\Scala_Projet\hello-world\src\main\scala\UndirectedGraph.scala. Using presentation compiler with project's scala-library version: 3.3.3
2024.07.03 09:24:45 INFO  no build target found for C:\Users\user\Desktop\Scala_Projet\hello-world\src\main\scala\UndirectedGraph.scala. Using presentation compiler with project's scala-library version: 3.3.3
2024.07.03 09:24:44 INFO  no build target found for C:\Users\user\Desktop\Scala_Projet\hello-world\src\main\scala\UndirectedGraph.scala. Using presentation compiler with project's scala-library version: 3.3.3
2024.07.03 09:24:45 WARN  no build target for: C:\Users\user\Desktop\Scala_Projet\hello-world\src\main\scala\UndirectedGraph.scala
2024.07.03 09:24:45 INFO  no build target found for C:\Users\user\Desktop\Scala_Projet\hello-world\src\main\scala\UndirectedGraph.scala. Using presentation compiler with project's scala-library version: 3.3.3
2024.07.03 09:24:58 INFO  no build target found for C:\Users\user\Desktop\Scala_Projet\hello-world\src\main\scala\GraphOps.scala. Using presentation compiler with project's scala-library version: 3.3.3
2024.07.03 09:24:58 INFO  no build target found for C:\Users\user\Desktop\Scala_Projet\hello-world\src\main\scala\GraphOps.scala. Using presentation compiler with project's scala-library version: 3.3.3
2024.07.03 09:24:58 WARN  Could not find semantic tokens for: file:///C:/Users/user/Desktop/Scala_Projet/hello-world/src/main/scala/GraphOps.scala
2024.07.03 09:25:05 INFO  no build target found for C:\Users\user\Desktop\Scala_Projet\hello-world\src\main\scala\GraphOps.scala. Using presentation compiler with project's scala-library version: 3.3.3
2024.07.03 09:25:05 INFO  no build target found for C:\Users\user\Desktop\Scala_Projet\hello-world\src\main\scala\GraphOps.scala. Using presentation compiler with project's scala-library version: 3.3.3
2024.07.03 09:25:05 INFO  no build target found for C:\Users\user\Desktop\Scala_Projet\hello-world\src\main\scala\GraphOps.scala. Using presentation compiler with project's scala-library version: 3.3.3
2024.07.03 09:25:06 WARN  no build target for: C:\Users\user\Desktop\Scala_Projet\hello-world\src\main\scala\GraphOps.scala
2024.07.03 09:25:06 INFO  no build target found for C:\Users\user\Desktop\Scala_Projet\hello-world\src\main\scala\GraphOps.scala. Using presentation compiler with project's scala-library version: 3.3.3
2024.07.03 09:25:31 INFO  no build target found for C:\Users\user\Desktop\Scala_Projet\hello-world\src\main\scala\GraphOps.scala. Using presentation compiler with project's scala-library version: 3.3.3
2024.07.03 09:25:31 INFO  no build target found for C:\Users\user\Desktop\Scala_Projet\hello-world\src\main\scala\GraphOps.scala. Using presentation compiler with project's scala-library version: 3.3.3
2024.07.03 09:25:31 INFO  no build target found for C:\Users\user\Desktop\Scala_Projet\hello-world\src\main\scala\GraphOps.scala. Using presentation compiler with project's scala-library version: 3.3.3
2024.07.03 09:25:31 INFO  no build target found for C:\Users\user\Desktop\Scala_Projet\hello-world\src\main\scala\GraphOps.scala. Using presentation compiler with project's scala-library version: 3.3.3
2024.07.03 09:25:32 INFO  no build target found for C:\Users\user\Desktop\Scala_Projet\hello-world\src\main\scala\GraphOps.scala. Using presentation compiler with project's scala-library version: 3.3.3
2024.07.03 09:25:32 INFO  no build target found for C:\Users\user\Desktop\Scala_Projet\hello-world\src\main\scala\GraphOps.scala. Using presentation compiler with project's scala-library version: 3.3.3
2024.07.03 09:25:33 INFO  no build target found for C:\Users\user\Desktop\Scala_Projet\hello-world\src\main\scala\GraphOps.scala. Using presentation compiler with project's scala-library version: 3.3.3
2024.07.03 09:25:33 INFO  no build target found for C:\Users\user\Desktop\Scala_Projet\hello-world\src\main\scala\GraphOps.scala. Using presentation compiler with project's scala-library version: 3.3.3
2024.07.03 09:25:33 INFO  no build target found for C:\Users\user\Desktop\Scala_Projet\hello-world\src\main\scala\GraphOps.scala. Using presentation compiler with project's scala-library version: 3.3.3
2024.07.03 09:25:33 INFO  no build target found for C:\Users\user\Desktop\Scala_Projet\hello-world\src\main\scala\GraphOps.scala. Using presentation compiler with project's scala-library version: 3.3.3
2024.07.03 09:25:33 INFO  no build target found for C:\Users\user\Desktop\Scala_Projet\hello-world\src\main\scala\GraphOps.scala. Using presentation compiler with project's scala-library version: 3.3.3
2024.07.03 09:25:34 INFO  no build target found for C:\Users\user\Desktop\Scala_Projet\hello-world\src\main\scala\GraphOps.scala. Using presentation compiler with project's scala-library version: 3.3.3
2024.07.03 09:25:34 INFO  no build target found for C:\Users\user\Desktop\Scala_Projet\hello-world\src\main\scala\GraphOps.scala. Using presentation compiler with project's scala-library version: 3.3.3
2024.07.03 09:25:34 INFO  no build target found for C:\Users\user\Desktop\Scala_Projet\hello-world\src\main\scala\GraphOps.scala. Using presentation compiler with project's scala-library version: 3.3.3
2024.07.03 09:25:34 INFO  no build target found for C:\Users\user\Desktop\Scala_Projet\hello-world\src\main\scala\GraphOps.scala. Using presentation compiler with project's scala-library version: 3.3.3
2024.07.03 09:25:35 INFO  no build target found for C:\Users\user\Desktop\Scala_Projet\hello-world\src\main\scala\GraphOps.scala. Using presentation compiler with project's scala-library version: 3.3.3
2024.07.03 09:25:34 INFO  no build target found for C:\Users\user\Desktop\Scala_Projet\hello-world\src\main\scala\GraphOps.scala. Using presentation compiler with project's scala-library version: 3.3.3
2024.07.03 09:25:34 INFO  no build target found for C:\Users\user\Desktop\Scala_Projet\hello-world\src\main\scala\GraphOps.scala. Using presentation compiler with project's scala-library version: 3.3.3
2024.07.03 09:25:35 INFO  no build target found for C:\Users\user\Desktop\Scala_Projet\hello-world\src\main\scala\GraphOps.scala. Using presentation compiler with project's scala-library version: 3.3.3
2024.07.03 09:25:36 INFO  no build target found for C:\Users\user\Desktop\Scala_Projet\hello-world\src\main\scala\GraphOps.scala. Using presentation compiler with project's scala-library version: 3.3.3
2024.07.03 09:25:36 INFO  no build target found for C:\Users\user\Desktop\Scala_Projet\hello-world\src\main\scala\GraphOps.scala. Using presentation compiler with project's scala-library version: 3.3.3
2024.07.03 09:25:36 INFO  no build target found for C:\Users\user\Desktop\Scala_Projet\hello-world\src\main\scala\GraphOps.scala. Using presentation compiler with project's scala-library version: 3.3.3
2024.07.03 09:25:36 INFO  no build target found for C:\Users\user\Desktop\Scala_Projet\hello-world\src\main\scala\GraphOps.scala. Using presentation compiler with project's scala-library version: 3.3.3
2024.07.03 09:25:36 INFO  no build target found for C:\Users\user\Desktop\Scala_Projet\hello-world\src\main\scala\GraphOps.scala. Using presentation compiler with project's scala-library version: 3.3.3
2024.07.03 09:25:37 INFO  no build target found for C:\Users\user\Desktop\Scala_Projet\hello-world\src\main\scala\GraphOps.scala. Using presentation compiler with project's scala-library version: 3.3.3
2024.07.03 09:25:37 INFO  no build target found for C:\Users\user\Desktop\Scala_Projet\hello-world\src\main\scala\GraphOps.scala. Using presentation compiler with project's scala-library version: 3.3.3
2024.07.03 09:25:37 INFO  no build target found for C:\Users\user\Desktop\Scala_Projet\hello-world\src\main\scala\GraphOps.scala. Using presentation compiler with project's scala-library version: 3.3.3
2024.07.03 09:25:38 INFO  no build target found for C:\Users\user\Desktop\Scala_Projet\hello-world\src\main\scala\GraphOps.scala. Using presentation compiler with project's scala-library version: 3.3.3
2024.07.03 09:25:38 INFO  no build target found for C:\Users\user\Desktop\Scala_Projet\hello-world\src\main\scala\GraphOps.scala. Using presentation compiler with project's scala-library version: 3.3.3
2024.07.03 09:25:38 INFO  no build target found for C:\Users\user\Desktop\Scala_Projet\hello-world\src\main\scala\GraphOps.scala. Using presentation compiler with project's scala-library version: 3.3.3
2024.07.03 09:25:38 INFO  no build target found for C:\Users\user\Desktop\Scala_Projet\hello-world\src\main\scala\GraphOps.scala. Using presentation compiler with project's scala-library version: 3.3.3
2024.07.03 09:25:38 INFO  no build target found for C:\Users\user\Desktop\Scala_Projet\hello-world\src\main\scala\GraphOps.scala. Using presentation compiler with project's scala-library version: 3.3.3
2024.07.03 09:25:38 INFO  no build target found for C:\Users\user\Desktop\Scala_Projet\hello-world\src\main\scala\GraphOps.scala. Using presentation compiler with project's scala-library version: 3.3.3
2024.07.03 09:25:38 INFO  no build target found for C:\Users\user\Desktop\Scala_Projet\hello-world\src\main\scala\GraphOps.scala. Using presentation compiler with project's scala-library version: 3.3.3
2024.07.03 09:25:40 INFO  no build target found for C:\Users\user\Desktop\Scala_Projet\hello-world\src\main\scala\GraphOps.scala. Using presentation compiler with project's scala-library version: 3.3.3
2024.07.03 09:25:40 INFO  no build target found for C:\Users\user\Desktop\Scala_Projet\hello-world\src\main\scala\GraphOps.scala. Using presentation compiler with project's scala-library version: 3.3.3
2024.07.03 09:25:40 INFO  no build target found for C:\Users\user\Desktop\Scala_Projet\hello-world\src\main\scala\GraphOps.scala. Using presentation compiler with project's scala-library version: 3.3.3
2024.07.03 09:25:40 INFO  no build target found for C:\Users\user\Desktop\Scala_Projet\hello-world\src\main\scala\GraphOps.scala. Using presentation compiler with project's scala-library version: 3.3.3
2024.07.03 09:25:40 INFO  no build target found for C:\Users\user\Desktop\Scala_Projet\hello-world\src\main\scala\GraphOps.scala. Using presentation compiler with project's scala-library version: 3.3.3
2024.07.03 09:25:40 INFO  no build target found for C:\Users\user\Desktop\Scala_Projet\hello-world\src\main\scala\GraphOps.scala. Using presentation compiler with project's scala-library version: 3.3.3
2024.07.03 09:25:40 INFO  no build target found for C:\Users\user\Desktop\Scala_Projet\hello-world\src\main\scala\GraphOps.scala. Using presentation compiler with project's scala-library version: 3.3.3
2024.07.03 09:25:40 INFO  no build target found for C:\Users\user\Desktop\Scala_Projet\hello-world\src\main\scala\GraphOps.scala. Using presentation compiler with project's scala-library version: 3.3.3
2024.07.03 09:25:40 INFO  no build target found for C:\Users\user\Desktop\Scala_Projet\hello-world\src\main\scala\GraphOps.scala. Using presentation compiler with project's scala-library version: 3.3.3
2024.07.03 09:25:41 INFO  no build target found for C:\Users\user\Desktop\Scala_Projet\hello-world\src\main\scala\GraphOps.scala. Using presentation compiler with project's scala-library version: 3.3.3
2024.07.03 09:25:40 INFO  no build target found for C:\Users\user\Desktop\Scala_Projet\hello-world\src\main\scala\GraphOps.scala. Using presentation compiler with project's scala-library version: 3.3.3
2024.07.03 09:25:41 INFO  no build target found for C:\Users\user\Desktop\Scala_Projet\hello-world\src\main\scala\GraphOps.scala. Using presentation compiler with project's scala-library version: 3.3.3
2024.07.03 09:25:41 INFO  no build target found for C:\Users\user\Desktop\Scala_Projet\hello-world\src\main\scala\GraphOps.scala. Using presentation compiler with project's scala-library version: 3.3.3
2024.07.03 09:25:41 INFO  no build target found for C:\Users\user\Desktop\Scala_Projet\hello-world\src\main\scala\GraphOps.scala. Using presentation compiler with project's scala-library version: 3.3.3
2024.07.03 09:25:41 INFO  no build target found for C:\Users\user\Desktop\Scala_Projet\hello-world\src\main\scala\GraphOps.scala. Using presentation compiler with project's scala-library version: 3.3.3
2024.07.03 09:25:41 INFO  no build target found for C:\Users\user\Desktop\Scala_Projet\hello-world\src\main\scala\GraphOps.scala. Using presentation compiler with project's scala-library version: 3.3.3
juil. 03, 2024 9:25:41 AM org.eclipse.lsp4j.jsonrpc.RemoteEndpoint handleCancellation
AVERTISSEMENT: Unmatched cancel notification for request id 179
2024.07.03 09:25:41 INFO  no build target found for C:\Users\user\Desktop\Scala_Projet\hello-world\src\main\scala\GraphOps.scala. Using presentation compiler with project's scala-library version: 3.3.3
2024.07.03 09:25:41 INFO  no build target found for C:\Users\user\Desktop\Scala_Projet\hello-world\src\main\scala\GraphOps.scala. Using presentation compiler with project's scala-library version: 3.3.3
2024.07.03 09:25:41 INFO  no build target found for C:\Users\user\Desktop\Scala_Projet\hello-world\src\main\scala\GraphOps.scala. Using presentation compiler with project's scala-library version: 3.3.3
2024.07.03 09:25:41 INFO  no build target found for C:\Users\user\Desktop\Scala_Projet\hello-world\src\main\scala\GraphOps.scala. Using presentation compiler with project's scala-library version: 3.3.3
2024.07.03 09:25:42 INFO  no build target found for C:\Users\user\Desktop\Scala_Projet\hello-world\src\main\scala\GraphOps.scala. Using presentation compiler with project's scala-library version: 3.3.3
2024.07.03 09:25:42 INFO  no build target found for C:\Users\user\Desktop\Scala_Projet\hello-world\src\main\scala\GraphOps.scala. Using presentation compiler with project's scala-library version: 3.3.3
2024.07.03 09:25:42 INFO  no build target found for C:\Users\user\Desktop\Scala_Projet\hello-world\src\main\scala\GraphOps.scala. Using presentation compiler with project's scala-library version: 3.3.3
2024.07.03 09:25:42 INFO  no build target found for C:\Users\user\Desktop\Scala_Projet\hello-world\src\main\scala\GraphOps.scala. Using presentation compiler with project's scala-library version: 3.3.3
2024.07.03 09:25:42 INFO  no build target found for C:\Users\user\Desktop\Scala_Projet\hello-world\src\main\scala\GraphOps.scala. Using presentation compiler with project's scala-library version: 3.3.3
2024.07.03 09:25:42 INFO  no build target found for C:\Users\user\Desktop\Scala_Projet\hello-world\src\main\scala\GraphOps.scala. Using presentation compiler with project's scala-library version: 3.3.3
2024.07.03 09:25:43 INFO  no build target found for C:\Users\user\Desktop\Scala_Projet\hello-world\src\main\scala\GraphOps.scala. Using presentation compiler with project's scala-library version: 3.3.3
2024.07.03 09:25:48 INFO  no build target found for C:\Users\user\Desktop\Scala_Projet\hello-world\src\main\scala\GraphOps.scala. Using presentation compiler with project's scala-library version: 3.3.3
2024.07.03 09:25:48 INFO  no build target found for C:\Users\user\Desktop\Scala_Projet\hello-world\src\main\scala\GraphOps.scala. Using presentation compiler with project's scala-library version: 3.3.3
2024.07.03 09:25:48 INFO  no build target found for C:\Users\user\Desktop\Scala_Projet\hello-world\src\main\scala\GraphOps.scala. Using presentation compiler with project's scala-library version: 3.3.3
2024.07.03 09:25:51 INFO  no build target found for C:\Users\user\Desktop\Scala_Projet\hello-world\src\main\scala\GraphOps.scala. Using presentation compiler with project's scala-library version: 3.3.3
2024.07.03 09:25:51 INFO  no build target found for C:\Users\user\Desktop\Scala_Projet\hello-world\src\main\scala\GraphOps.scala. Using presentation compiler with project's scala-library version: 3.3.3
2024.07.03 09:25:51 INFO  no build target found for C:\Users\user\Desktop\Scala_Projet\hello-world\src\main\scala\GraphOps.scala. Using presentation compiler with project's scala-library version: 3.3.3
2024.07.03 09:25:53 INFO  no build target found for C:\Users\user\Desktop\Scala_Projet\hello-world\src\main\scala\GraphOps.scala. Using presentation compiler with project's scala-library version: 3.3.3
2024.07.03 09:25:53 INFO  no build target found for C:\Users\user\Desktop\Scala_Projet\hello-world\src\main\scala\GraphOps.scala. Using presentation compiler with project's scala-library version: 3.3.3
2024.07.03 09:25:53 INFO  no build target found for C:\Users\user\Desktop\Scala_Projet\hello-world\src\main\scala\GraphOps.scala. Using presentation compiler with project's scala-library version: 3.3.3
2024.07.03 09:25:53 INFO  no build target found for C:\Users\user\Desktop\Scala_Projet\hello-world\src\main\scala\GraphOps.scala. Using presentation compiler with project's scala-library version: 3.3.3
2024.07.03 09:25:53 INFO  no build target found for C:\Users\user\Desktop\Scala_Projet\hello-world\src\main\scala\GraphOps.scala. Using presentation compiler with project's scala-library version: 3.3.3
2024.07.03 09:25:53 INFO  no build target found for C:\Users\user\Desktop\Scala_Projet\hello-world\src\main\scala\GraphOps.scala. Using presentation compiler with project's scala-library version: 3.3.3
2024.07.03 09:25:53 INFO  no build target found for C:\Users\user\Desktop\Scala_Projet\hello-world\src\main\scala\GraphOps.scala. Using presentation compiler with project's scala-library version: 3.3.3
2024.07.03 09:25:53 INFO  no build target found for C:\Users\user\Desktop\Scala_Projet\hello-world\src\main\scala\GraphOps.scala. Using presentation compiler with project's scala-library version: 3.3.3
2024.07.03 09:25:54 INFO  no build target found for C:\Users\user\Desktop\Scala_Projet\hello-world\src\main\scala\GraphOps.scala. Using presentation compiler with project's scala-library version: 3.3.3
2024.07.03 09:25:54 INFO  no build target found for C:\Users\user\Desktop\Scala_Projet\hello-world\src\main\scala\GraphOps.scala. Using presentation compiler with project's scala-library version: 3.3.3
2024.07.03 09:25:54 INFO  no build target found for C:\Users\user\Desktop\Scala_Projet\hello-world\src\main\scala\GraphOps.scala. Using presentation compiler with project's scala-library version: 3.3.3
2024.07.03 09:25:54 INFO  no build target found for C:\Users\user\Desktop\Scala_Projet\hello-world\src\main\scala\GraphOps.scala. Using presentation compiler with project's scala-library version: 3.3.3
2024.07.03 09:25:54 INFO  no build target found for C:\Users\user\Desktop\Scala_Projet\hello-world\src\main\scala\GraphOps.scala. Using presentation compiler with project's scala-library version: 3.3.3
2024.07.03 09:25:54 INFO  no build target found for C:\Users\user\Desktop\Scala_Projet\hello-world\src\main\scala\GraphOps.scala. Using presentation compiler with project's scala-library version: 3.3.3
2024.07.03 09:25:54 INFO  no build target found for C:\Users\user\Desktop\Scala_Projet\hello-world\src\main\scala\GraphOps.scala. Using presentation compiler with project's scala-library version: 3.3.3
2024.07.03 09:25:54 INFO  no build target found for C:\Users\user\Desktop\Scala_Projet\hello-world\src\main\scala\GraphOps.scala. Using presentation compiler with project's scala-library version: 3.3.3
2024.07.03 09:25:55 INFO  no build target found for C:\Users\user\Desktop\Scala_Projet\hello-world\src\main\scala\GraphOps.scala. Using presentation compiler with project's scala-library version: 3.3.3
juil. 03, 2024 9:25:55 AM org.eclipse.lsp4j.jsonrpc.RemoteEndpoint handleCancellation
AVERTISSEMENT: Unmatched cancel notification for request id 236
2024.07.03 09:25:55 INFO  no build target found for C:\Users\user\Desktop\Scala_Projet\hello-world\src\main\scala\GraphOps.scala. Using presentation compiler with project's scala-library version: 3.3.3
2024.07.03 09:25:55 INFO  no build target found for C:\Users\user\Desktop\Scala_Projet\hello-world\src\main\scala\GraphOps.scala. Using presentation compiler with project's scala-library version: 3.3.3
2024.07.03 09:25:55 INFO  no build target found for C:\Users\user\Desktop\Scala_Projet\hello-world\src\main\scala\GraphOps.scala. Using presentation compiler with project's scala-library version: 3.3.3
2024.07.03 09:25:55 INFO  no build target found for C:\Users\user\Desktop\Scala_Projet\hello-world\src\main\scala\GraphOps.scala. Using presentation compiler with project's scala-library version: 3.3.3
2024.07.03 09:25:56 INFO  no build target found for C:\Users\user\Desktop\Scala_Projet\hello-world\src\main\scala\GraphOps.scala. Using presentation compiler with project's scala-library version: 3.3.3
2024.07.03 09:25:56 INFO  no build target found for C:\Users\user\Desktop\Scala_Projet\hello-world\src\main\scala\GraphOps.scala. Using presentation compiler with project's scala-library version: 3.3.3
2024.07.03 09:25:56 INFO  no build target found for C:\Users\user\Desktop\Scala_Projet\hello-world\src\main\scala\GraphOps.scala. Using presentation compiler with project's scala-library version: 3.3.3
2024.07.03 09:25:56 INFO  no build target found for C:\Users\user\Desktop\Scala_Projet\hello-world\src\main\scala\GraphOps.scala. Using presentation compiler with project's scala-library version: 3.3.3
2024.07.03 09:25:56 INFO  no build target found for C:\Users\user\Desktop\Scala_Projet\hello-world\src\main\scala\GraphOps.scala. Using presentation compiler with project's scala-library version: 3.3.3
2024.07.03 09:25:56 INFO  no build target found for C:\Users\user\Desktop\Scala_Projet\hello-world\src\main\scala\GraphOps.scala. Using presentation compiler with project's scala-library version: 3.3.3
2024.07.03 09:25:57 INFO  no build target found for C:\Users\user\Desktop\Scala_Projet\hello-world\src\main\scala\GraphOps.scala. Using presentation compiler with project's scala-library version: 3.3.3
2024.07.03 09:25:57 INFO  no build target found for C:\Users\user\Desktop\Scala_Projet\hello-world\src\main\scala\GraphOps.scala. Using presentation compiler with project's scala-library version: 3.3.3
2024.07.03 09:25:58 INFO  no build target found for C:\Users\user\Desktop\Scala_Projet\hello-world\src\main\scala\GraphOps.scala. Using presentation compiler with project's scala-library version: 3.3.3
2024.07.03 09:25:58 INFO  no build target found for C:\Users\user\Desktop\Scala_Projet\hello-world\src\main\scala\GraphOps.scala. Using presentation compiler with project's scala-library version: 3.3.3
2024.07.03 09:25:57 INFO  no build target found for C:\Users\user\Desktop\Scala_Projet\hello-world\src\main\scala\GraphOps.scala. Using presentation compiler with project's scala-library version: 3.3.3
2024.07.03 09:25:57 INFO  no build target found for C:\Users\user\Desktop\Scala_Projet\hello-world\src\main\scala\GraphOps.scala. Using presentation compiler with project's scala-library version: 3.3.3
2024.07.03 09:25:58 INFO  no build target found for C:\Users\user\Desktop\Scala_Projet\hello-world\src\main\scala\GraphOps.scala. Using presentation compiler with project's scala-library version: 3.3.3
2024.07.03 09:25:59 INFO  no build target found for C:\Users\user\Desktop\Scala_Projet\hello-world\src\main\scala\GraphOps.scala. Using presentation compiler with project's scala-library version: 3.3.3
2024.07.03 09:25:58 INFO  no build target found for C:\Users\user\Desktop\Scala_Projet\hello-world\src\main\scala\GraphOps.scala. Using presentation compiler with project's scala-library version: 3.3.3
2024.07.03 09:25:59 INFO  no build target found for C:\Users\user\Desktop\Scala_Projet\hello-world\src\main\scala\GraphOps.scala. Using presentation compiler with project's scala-library version: 3.3.3
2024.07.03 09:25:59 INFO  no build target found for C:\Users\user\Desktop\Scala_Projet\hello-world\src\main\scala\GraphOps.scala. Using presentation compiler with project's scala-library version: 3.3.3
2024.07.03 09:25:59 INFO  no build target found for C:\Users\user\Desktop\Scala_Projet\hello-world\src\main\scala\GraphOps.scala. Using presentation compiler with project's scala-library version: 3.3.3
2024.07.03 09:25:59 INFO  no build target found for C:\Users\user\Desktop\Scala_Projet\hello-world\src\main\scala\GraphOps.scala. Using presentation compiler with project's scala-library version: 3.3.3
2024.07.03 09:25:59 INFO  no build target found for C:\Users\user\Desktop\Scala_Projet\hello-world\src\main\scala\GraphOps.scala. Using presentation compiler with project's scala-library version: 3.3.3
2024.07.03 09:26:00 INFO  no build target found for C:\Users\user\Desktop\Scala_Projet\hello-world\src\main\scala\GraphOps.scala. Using presentation compiler with project's scala-library version: 3.3.3
2024.07.03 09:25:59 INFO  no build target found for C:\Users\user\Desktop\Scala_Projet\hello-world\src\main\scala\GraphOps.scala. Using presentation compiler with project's scala-library version: 3.3.3
2024.07.03 09:25:59 INFO  no build target found for C:\Users\user\Desktop\Scala_Projet\hello-world\src\main\scala\GraphOps.scala. Using presentation compiler with project's scala-library version: 3.3.3
2024.07.03 09:26:00 INFO  no build target found for C:\Users\user\Desktop\Scala_Projet\hello-world\src\main\scala\GraphOps.scala. Using presentation compiler with project's scala-library version: 3.3.3
2024.07.03 09:26:00 INFO  no build target found for C:\Users\user\Desktop\Scala_Projet\hello-world\src\main\scala\GraphOps.scala. Using presentation compiler with project's scala-library version: 3.3.3
2024.07.03 09:26:05 INFO  no build target found for C:\Users\user\Desktop\Scala_Projet\hello-world\src\main\scala\GraphOps.scala. Using presentation compiler with project's scala-library version: 3.3.3
2024.07.03 09:26:05 INFO  no build target found for C:\Users\user\Desktop\Scala_Projet\hello-world\src\main\scala\GraphOps.scala. Using presentation compiler with project's scala-library version: 3.3.3
2024.07.03 09:26:05 INFO  no build target found for C:\Users\user\Desktop\Scala_Projet\hello-world\src\main\scala\GraphOps.scala. Using presentation compiler with project's scala-library version: 3.3.3
2024.07.03 09:26:09 INFO  no build target found for C:\Users\user\Desktop\Scala_Projet\hello-world\src\main\scala\GraphOps.scala. Using presentation compiler with project's scala-library version: 3.3.3
2024.07.03 09:26:09 INFO  no build target found for C:\Users\user\Desktop\Scala_Projet\hello-world\src\main\scala\GraphOps.scala. Using presentation compiler with project's scala-library version: 3.3.3
2024.07.03 09:26:09 INFO  no build target found for C:\Users\user\Desktop\Scala_Projet\hello-world\src\main\scala\GraphOps.scala. Using presentation compiler with project's scala-library version: 3.3.3
2024.07.03 09:26:10 INFO  no build target found for C:\Users\user\Desktop\Scala_Projet\hello-world\src\main\scala\GraphOps.scala. Using presentation compiler with project's scala-library version: 3.3.3
2024.07.03 09:26:10 INFO  no build target found for C:\Users\user\Desktop\Scala_Projet\hello-world\src\main\scala\GraphOps.scala. Using presentation compiler with project's scala-library version: 3.3.3
2024.07.03 09:26:10 INFO  no build target found for C:\Users\user\Desktop\Scala_Projet\hello-world\src\main\scala\GraphOps.scala. Using presentation compiler with project's scala-library version: 3.3.3
2024.07.03 09:26:11 INFO  no build target found for C:\Users\user\Desktop\Scala_Projet\hello-world\src\main\scala\GraphOps.scala. Using presentation compiler with project's scala-library version: 3.3.3
2024.07.03 09:26:10 INFO  no build target found for C:\Users\user\Desktop\Scala_Projet\hello-world\src\main\scala\GraphOps.scala. Using presentation compiler with project's scala-library version: 3.3.3
2024.07.03 09:26:10 INFO  no build target found for C:\Users\user\Desktop\Scala_Projet\hello-world\src\main\scala\GraphOps.scala. Using presentation compiler with project's scala-library version: 3.3.3
2024.07.03 09:26:10 INFO  no build target found for C:\Users\user\Desktop\Scala_Projet\hello-world\src\main\scala\GraphOps.scala. Using presentation compiler with project's scala-library version: 3.3.3
2024.07.03 09:26:11 INFO  no build target found for C:\Users\user\Desktop\Scala_Projet\hello-world\src\main\scala\GraphOps.scala. Using presentation compiler with project's scala-library version: 3.3.3
2024.07.03 09:26:12 INFO  no build target found for C:\Users\user\Desktop\Scala_Projet\hello-world\src\main\scala\GraphOps.scala. Using presentation compiler with project's scala-library version: 3.3.3
2024.07.03 09:26:12 INFO  no build target found for C:\Users\user\Desktop\Scala_Projet\hello-world\src\main\scala\GraphOps.scala. Using presentation compiler with project's scala-library version: 3.3.3
2024.07.03 09:26:12 INFO  no build target found for C:\Users\user\Desktop\Scala_Projet\hello-world\src\main\scala\GraphOps.scala. Using presentation compiler with project's scala-library version: 3.3.3
2024.07.03 09:26:13 INFO  no build target found for C:\Users\user\Desktop\Scala_Projet\hello-world\src\main\scala\GraphOps.scala. Using presentation compiler with project's scala-library version: 3.3.3
2024.07.03 09:26:13 INFO  no build target found for C:\Users\user\Desktop\Scala_Projet\hello-world\src\main\scala\GraphOps.scala. Using presentation compiler with project's scala-library version: 3.3.3
2024.07.03 09:26:13 INFO  no build target found for C:\Users\user\Desktop\Scala_Projet\hello-world\src\main\scala\GraphOps.scala. Using presentation compiler with project's scala-library version: 3.3.3
2024.07.03 09:26:13 INFO  no build target found for C:\Users\user\Desktop\Scala_Projet\hello-world\src\main\scala\GraphOps.scala. Using presentation compiler with project's scala-library version: 3.3.3
2024.07.03 09:26:13 INFO  no build target found for C:\Users\user\Desktop\Scala_Projet\hello-world\src\main\scala\GraphOps.scala. Using presentation compiler with project's scala-library version: 3.3.3
2024.07.03 09:26:13 INFO  no build target found for C:\Users\user\Desktop\Scala_Projet\hello-world\src\main\scala\GraphOps.scala. Using presentation compiler with project's scala-library version: 3.3.3
2024.07.03 09:26:13 INFO  no build target found for C:\Users\user\Desktop\Scala_Projet\hello-world\src\main\scala\GraphOps.scala. Using presentation compiler with project's scala-library version: 3.3.3
2024.07.03 09:26:13 INFO  no build target found for C:\Users\user\Desktop\Scala_Projet\hello-world\src\main\scala\GraphOps.scala. Using presentation compiler with project's scala-library version: 3.3.3
2024.07.03 09:26:14 INFO  no build target found for C:\Users\user\Desktop\Scala_Projet\hello-world\src\main\scala\GraphOps.scala. Using presentation compiler with project's scala-library version: 3.3.3
2024.07.03 09:26:14 INFO  no build target found for C:\Users\user\Desktop\Scala_Projet\hello-world\src\main\scala\GraphOps.scala. Using presentation compiler with project's scala-library version: 3.3.3
2024.07.03 09:26:14 INFO  no build target found for C:\Users\user\Desktop\Scala_Projet\hello-world\src\main\scala\GraphOps.scala. Using presentation compiler with project's scala-library version: 3.3.3
2024.07.03 09:26:14 INFO  no build target found for C:\Users\user\Desktop\Scala_Projet\hello-world\src\main\scala\GraphOps.scala. Using presentation compiler with project's scala-library version: 3.3.3
2024.07.03 09:26:14 INFO  no build target found for C:\Users\user\Desktop\Scala_Projet\hello-world\src\main\scala\GraphOps.scala. Using presentation compiler with project's scala-library version: 3.3.3
2024.07.03 09:26:14 INFO  no build target found for C:\Users\user\Desktop\Scala_Projet\hello-world\src\main\scala\GraphOps.scala. Using presentation compiler with project's scala-library version: 3.3.3
2024.07.03 09:26:14 INFO  no build target found for C:\Users\user\Desktop\Scala_Projet\hello-world\src\main\scala\GraphOps.scala. Using presentation compiler with project's scala-library version: 3.3.3
2024.07.03 09:26:14 INFO  no build target found for C:\Users\user\Desktop\Scala_Projet\hello-world\src\main\scala\GraphOps.scala. Using presentation compiler with project's scala-library version: 3.3.3
2024.07.03 09:26:14 INFO  no build target found for C:\Users\user\Desktop\Scala_Projet\hello-world\src\main\scala\GraphOps.scala. Using presentation compiler with project's scala-library version: 3.3.3
2024.07.03 09:26:15 INFO  no build target found for C:\Users\user\Desktop\Scala_Projet\hello-world\src\main\scala\GraphOps.scala. Using presentation compiler with project's scala-library version: 3.3.3
2024.07.03 09:26:15 INFO  no build target found for C:\Users\user\Desktop\Scala_Projet\hello-world\src\main\scala\GraphOps.scala. Using presentation compiler with project's scala-library version: 3.3.3
2024.07.03 09:26:15 INFO  no build target found for C:\Users\user\Desktop\Scala_Projet\hello-world\src\main\scala\GraphOps.scala. Using presentation compiler with project's scala-library version: 3.3.3
2024.07.03 09:26:15 INFO  no build target found for C:\Users\user\Desktop\Scala_Projet\hello-world\src\main\scala\GraphOps.scala. Using presentation compiler with project's scala-library version: 3.3.3
2024.07.03 09:26:15 INFO  no build target found for C:\Users\user\Desktop\Scala_Projet\hello-world\src\main\scala\GraphOps.scala. Using presentation compiler with project's scala-library version: 3.3.3
2024.07.03 09:26:15 INFO  no build target found for C:\Users\user\Desktop\Scala_Projet\hello-world\src\main\scala\GraphOps.scala. Using presentation compiler with project's scala-library version: 3.3.3
2024.07.03 09:26:15 INFO  no build target found for C:\Users\user\Desktop\Scala_Projet\hello-world\src\main\scala\GraphOps.scala. Using presentation compiler with project's scala-library version: 3.3.3
2024.07.03 09:26:16 INFO  no build target found for C:\Users\user\Desktop\Scala_Projet\hello-world\src\main\scala\GraphOps.scala. Using presentation compiler with project's scala-library version: 3.3.3
2024.07.03 09:26:15 INFO  no build target found for C:\Users\user\Desktop\Scala_Projet\hello-world\src\main\scala\GraphOps.scala. Using presentation compiler with project's scala-library version: 3.3.3
2024.07.03 09:26:16 INFO  no build target found for C:\Users\user\Desktop\Scala_Projet\hello-world\src\main\scala\GraphOps.scala. Using presentation compiler with project's scala-library version: 3.3.3
2024.07.03 09:26:16 INFO  no build target found for C:\Users\user\Desktop\Scala_Projet\hello-world\src\main\scala\GraphOps.scala. Using presentation compiler with project's scala-library version: 3.3.3
2024.07.03 09:26:18 INFO  no build target found for C:\Users\user\Desktop\Scala_Projet\hello-world\src\main\scala\GraphOps.scala. Using presentation compiler with project's scala-library version: 3.3.3
2024.07.03 09:26:18 INFO  no build target found for C:\Users\user\Desktop\Scala_Projet\hello-world\src\main\scala\GraphOps.scala. Using presentation compiler with project's scala-library version: 3.3.3
2024.07.03 09:26:18 INFO  no build target found for C:\Users\user\Desktop\Scala_Projet\hello-world\src\main\scala\GraphOps.scala. Using presentation compiler with project's scala-library version: 3.3.3
2024.07.03 09:26:18 INFO  no build target found for C:\Users\user\Desktop\Scala_Projet\hello-world\src\main\scala\GraphOps.scala. Using presentation compiler with project's scala-library version: 3.3.3
2024.07.03 09:26:19 INFO  no build target found for C:\Users\user\Desktop\Scala_Projet\hello-world\src\main\scala\GraphOps.scala. Using presentation compiler with project's scala-library version: 3.3.3
2024.07.03 09:26:18 INFO  no build target found for C:\Users\user\Desktop\Scala_Projet\hello-world\src\main\scala\GraphOps.scala. Using presentation compiler with project's scala-library version: 3.3.3
2024.07.03 09:26:19 INFO  no build target found for C:\Users\user\Desktop\Scala_Projet\hello-world\src\main\scala\GraphOps.scala. Using presentation compiler with project's scala-library version: 3.3.3
2024.07.03 09:26:19 INFO  no build target found for C:\Users\user\Desktop\Scala_Projet\hello-world\src\main\scala\GraphOps.scala. Using presentation compiler with project's scala-library version: 3.3.3
2024.07.03 09:26:20 INFO  no build target found for C:\Users\user\Desktop\Scala_Projet\hello-world\src\main\scala\GraphOps.scala. Using presentation compiler with project's scala-library version: 3.3.3
2024.07.03 09:26:24 INFO  no build target found for C:\Users\user\Desktop\Scala_Projet\hello-world\src\main\scala\GraphOps.scala. Using presentation compiler with project's scala-library version: 3.3.3
2024.07.03 09:26:24 INFO  no build target found for C:\Users\user\Desktop\Scala_Projet\hello-world\src\main\scala\GraphOps.scala. Using presentation compiler with project's scala-library version: 3.3.3
2024.07.03 09:26:24 INFO  no build target found for C:\Users\user\Desktop\Scala_Projet\hello-world\src\main\scala\GraphOps.scala. Using presentation compiler with project's scala-library version: 3.3.3
2024.07.03 09:26:27 WARN  no build target for: C:\Users\user\Desktop\Scala_Projet\hello-world\src\main\scala\GraphOps.scala
2024.07.03 09:26:27 INFO  no build target found for C:\Users\user\Desktop\Scala_Projet\hello-world\src\main\scala\GraphOps.scala. Using presentation compiler with project's scala-library version: 3.3.3
2024.07.03 09:26:38 INFO  no build target found for C:\Users\user\Desktop\Scala_Projet\hello-world\src\main\scala\GraphOps.scala. Using presentation compiler with project's scala-library version: 3.3.3
2024.07.03 09:26:53 INFO  no build target found for C:\Users\user\Desktop\Scala_Projet\hello-world\src\main\scala\GraphApp.scala. Using presentation compiler with project's scala-library version: 3.3.3
2024.07.03 09:26:53 INFO  no build target found for C:\Users\user\Desktop\Scala_Projet\hello-world\src\main\scala\Graph.scala. Using presentation compiler with project's scala-library version: 3.3.3
2024.07.03 09:26:57 INFO  no build target found for C:\Users\user\Desktop\Scala_Projet\hello-world\src\main\scala\GraphApp.scala. Using presentation compiler with project's scala-library version: 3.3.3
2024.07.03 09:26:57 WARN  Could not find semantic tokens for: file:///C:/Users/user/Desktop/Scala_Projet/hello-world/src/main/scala/GraphApp.scala
2024.07.03 09:27:37 INFO  no build target found for C:\Users\user\Desktop\Scala_Projet\hello-world\src\main\scala\GraphApp.scala. Using presentation compiler with project's scala-library version: 3.3.3
2024.07.03 09:27:37 INFO  no build target found for C:\Users\user\Desktop\Scala_Projet\hello-world\src\main\scala\GraphApp.scala. Using presentation compiler with project's scala-library version: 3.3.3
2024.07.03 09:27:37 INFO  no build target found for C:\Users\user\Desktop\Scala_Projet\hello-world\src\main\scala\GraphApp.scala. Using presentation compiler with project's scala-library version: 3.3.3
2024.07.03 09:27:38 WARN  no build target for: C:\Users\user\Desktop\Scala_Projet\hello-world\src\main\scala\GraphApp.scala
2024.07.03 09:27:38 INFO  no build target found for C:\Users\user\Desktop\Scala_Projet\hello-world\src\main\scala\GraphApp.scala. Using presentation compiler with project's scala-library version: 3.3.3
2024.07.03 09:27:45 INFO  no build target found for C:\Users\user\Desktop\Scala_Projet\hello-world\build.sbt. Using presentation compiler with project's scala-library version: 3.3.3
